{
  "RSpec": {
    "coverage": {
      "/Users/oguni/develop/jpa_database/app/controllers/application_controller.rb": [
        1,
        null,
        null,
        1,
        null
      ],
      "/Users/oguni/develop/jpa_database/app/helpers/application_helper.rb": [
        1,
        null
      ],
      "/Users/oguni/develop/jpa_database/app/helpers/lifters_helper.rb": [
        1,
        null
      ],
      "/Users/oguni/develop/jpa_database/app/helpers/welcome_helper.rb": [
        1,
        null
      ],
      "/Users/oguni/develop/jpa_database/app/models/admin_user.rb": [
        1,
        null,
        null,
        1,
        null,
        null
      ],
      "/Users/oguni/develop/jpa_database/app/admin/admin_user.rb": [
        1,
        1,
        null,
        1,
        0,
        0,
        0,
        0,
        0,
        0,
        0,
        null,
        null,
        1,
        1,
        1,
        1,
        null,
        1,
        0,
        0,
        0,
        0,
        null,
        0,
        null,
        null,
        null
      ],
      "/Users/oguni/develop/jpa_database/app/admin/benchpress.rb": [
        1,
        1,
        null,
        null,
        null,
        1,
        0,
        0,
        0,
        0,
        0,
        0,
        0,
        0,
        0,
        0,
        0,
        null,
        0,
        0,
        0,
        0,
        null,
        null,
        1,
        0,
        0,
        null,
        0,
        0,
        null,
        0,
        0,
        null,
        0,
        0,
        null,
        0,
        null,
        0,
        null,
        0,
        0,
        0,
        null,
        0,
        0,
        null,
        0,
        0,
        0,
        0,
        null,
        0,
        null,
        null,
        0,
        null,
        null,
        null,
        null,
        null,
        null,
        null,
        null,
        null,
        null,
        null,
        null,
        null
      ],
      "/Users/oguni/develop/jpa_database/app/models/benchpress.rb": [
        1,
        1,
        1,
        1,
        1,
        null,
        1,
        null,
        null
      ],
      "/Users/oguni/develop/jpa_database/app/models/concerns/japanese_record.rb": [
        1,
        1,
        1,
        null,
        1,
        1,
        null,
        null,
        null,
        null,
        null,
        null,
        null,
        null,
        null,
        null,
        null,
        2,
        null,
        null,
        null,
        1,
        null,
        0,
        null,
        null,
        null,
        null,
        null,
        null
      ],
      "/Users/oguni/develop/jpa_database/app/admin/championship.rb": [
        1,
        1,
        1,
        0,
        null,
        null,
        null,
        null,
        null,
        null
      ],
      "/Users/oguni/develop/jpa_database/app/models/championship.rb": [
        1,
        1,
        1,
        null,
        1,
        null,
        null
      ],
      "/Users/oguni/develop/jpa_database/app/admin/class_category.rb": [
        1,
        1,
        null
      ],
      "/Users/oguni/develop/jpa_database/app/models/class_category.rb": [
        1,
        1,
        1,
        null,
        1,
        null
      ],
      "/Users/oguni/develop/jpa_database/app/admin/dashboard.rb": [
        1,
        null,
        1,
        null,
        1,
        0,
        0,
        0,
        0,
        null,
        null,
        null,
        null,
        null,
        null,
        null,
        null,
        null,
        null,
        null,
        null,
        null,
        null,
        null,
        null,
        null,
        null,
        null,
        null,
        null,
        null,
        null,
        null
      ],
      "/Users/oguni/develop/jpa_database/app/admin/lifter.rb": [
        1,
        1,
        null,
        1,
        1,
        1,
        1,
        null,
        1,
        0,
        0,
        null,
        null,
        null,
        null,
        null,
        null
      ],
      "/Users/oguni/develop/jpa_database/app/models/lifter.rb": [
        1,
        1,
        null,
        1,
        1,
        null,
        1,
        1,
        1,
        null,
        1,
        1,
        null,
        null,
        1,
        0,
        null,
        null,
        1,
        0,
        null,
        null,
        1,
        null,
        null,
        null,
        null,
        null,
        0,
        null,
        null,
        null,
        null,
        1,
        null,
        null,
        null,
        null,
        null,
        null,
        null,
        null,
        null,
        null,
        null,
        null,
        null,
        null,
        null,
        2,
        null,
        null,
        null,
        1,
        1,
        8,
        8,
        null,
        null,
        null,
        null,
        null
      ],
      "/Users/oguni/develop/jpa_database/app/admin/powerlifting.rb": [
        1,
        null
      ],
      "/Users/oguni/develop/jpa_database/app/models/powerlifting.rb": [
        1,
        1,
        1,
        1,
        1,
        null,
        null
      ],
      "/Users/oguni/develop/jpa_database/app/admin/weight_category.rb": [
        1,
        1,
        null
      ],
      "/Users/oguni/develop/jpa_database/app/models/weight_category.rb": [
        1,
        1,
        1,
        null,
        1,
        null
      ],
      "/Users/oguni/develop/jpa_database/app/controllers/lifters_controller.rb": [
        1,
        1,
        null,
        null,
        null,
        1,
        2,
        null,
        null,
        null,
        null,
        1,
        1,
        1,
        1,
        1,
        null,
        null,
        null,
        1,
        null,
        1,
        1,
        null,
        null,
        null,
        null,
        1,
        0,
        null,
        null
      ],
      "/Users/oguni/develop/jpa_database/app/controllers/welcome_controller.rb": [
        1,
        1,
        null,
        null
      ]
    },
    "timestamp": 1413301011
  }
}
